# JRE version: OpenJDK Runtime Environment (22.0.1+8) (build 22.0.1+8-16)
# Java VM: OpenJDK 64-Bit Server VM (22.0.1+8-16, mixed mode, sharing, tiered, compressed oops, compressed class ptrs, g1 gc, windows-amd64)
GC Precious Log:
 CardTable entry size: 512
 Card Set container configuration: InlinePtr #cards 5 size 8 Array Of Cards #cards 12 size 40 Howl #buckets 4 coarsen threshold 1843 Howl Bitmap #cards 512 size 80 coarsen threshold 460 Card regions per heap region 1 cards per card region 2048
 CPUs: 12 total, 12 available
 Memory: 7913M
 Large Page Support: Disabled
 NUMA Support: Disabled
 Compressed Oops: Enabled (32-bit)
 Heap Region Size: 1M
 Heap Min Capacity: 8M
 Heap Initial Capacity: 124M
 Heap Max Capacity: 1980M
 Pre-touch: Disabled
 Parallel Workers: 10
 Concurrent Workers: 3
 Concurrent Refinement Workers: 10
 Periodic GC: Disabled
Heap:
 garbage-first heap   total reserved 2027520K, committed 61440K, used 51285K [0x0000000084400000, 0x0000000100000000)
  region size 1024K, 26 young (26624K), 2 survivors (2048K)
 Metaspace       used 62846K, committed 63488K, reserved 1114112K
  class space    used 8687K, committed 8960K, reserved 1048576K
GC Heap History (20 events):
Event: 0.957 GC heap before
{Heap before GC invocations=1 (full 0):
 garbage-first heap   total reserved 2027520K, committed 126976K, used 37888K [0x0000000084400000, 0x0000000100000000)
  region size 1024K, 32 young (32768K), 3 survivors (3072K)
 Metaspace       used 15737K, committed 16064K, reserved 1114112K
  class space    used 1892K, committed 2048K, reserved 1048576K
}
Event: 0.963 GC heap after
{Heap after GC invocations=2 (full 0):
 garbage-first heap   total reserved 2027520K, committed 126976K, used 12054K [0x0000000084400000, 0x0000000100000000)
  region size 1024K, 3 young (3072K), 3 survivors (3072K)
 Metaspace       used 15737K, committed 16064K, reserved 1114112K
  class space    used 1892K, committed 2048K, reserved 1048576K
}
Event: 1.457 GC heap before
{Heap before GC invocations=2 (full 0):
 garbage-first heap   total reserved 2027520K, committed 126976K, used 46870K [0x0000000084400000, 0x0000000100000000)
  region size 1024K, 38 young (38912K), 3 survivors (3072K)
 Metaspace       used 21290K, committed 21504K, reserved 1114112K
  class space    used 2587K, committed 2688K, reserved 1048576K
}
Event: 1.463 GC heap after
{Heap after GC invocations=3 (full 0):
 garbage-first heap   total reserved 2027520K, committed 126976K, used 14359K [0x0000000084400000, 0x0000000100000000)
  region size 1024K, 6 young (6144K), 6 survivors (6144K)
 Metaspace       used 21290K, committed 21504K, reserved 1114112K
  class space    used 2587K, committed 2688K, reserved 1048576K
}
Event: 1.976 GC heap before
{Heap before GC invocations=4 (full 0):
 garbage-first heap   total reserved 2027520K, committed 51200K, used 38935K [0x0000000084400000, 0x0000000100000000)
  region size 1024K, 30 young (30720K), 6 survivors (6144K)
 Metaspace       used 25406K, committed 25856K, reserved 1114112K
  class space    used 3184K, committed 3392K, reserved 1048576K
}
Event: 1.985 GC heap after
{Heap after GC invocations=5 (full 0):
 garbage-first heap   total reserved 2027520K, committed 51200K, used 16625K [0x0000000084400000, 0x0000000100000000)
  region size 1024K, 3 young (3072K), 3 survivors (3072K)
 Metaspace       used 25406K, committed 25856K, reserved 1114112K
  class space    used 3184K, committed 3392K, reserved 1048576K
}
Event: 2.376 GC heap before
{Heap before GC invocations=5 (full 0):
 garbage-first heap   total reserved 2027520K, committed 51200K, used 37105K [0x0000000084400000, 0x0000000100000000)
  region size 1024K, 24 young (24576K), 3 survivors (3072K)
 Metaspace       used 30145K, committed 30592K, reserved 1114112K
  class space    used 3834K, committed 4032K, reserved 1048576K
}
Event: 2.382 GC heap after
{Heap after GC invocations=6 (full 0):
 garbage-first heap   total reserved 2027520K, committed 51200K, used 18538K [0x0000000084400000, 0x0000000100000000)
  region size 1024K, 3 young (3072K), 3 survivors (3072K)
 Metaspace       used 30145K, committed 30592K, reserved 1114112K
  class space    used 3834K, committed 4032K, reserved 1048576K
}
Event: 2.794 GC heap before
{Heap before GC invocations=6 (full 0):
 garbage-first heap   total reserved 2027520K, committed 51200K, used 39018K [0x0000000084400000, 0x0000000100000000)
  region size 1024K, 24 young (24576K), 3 survivors (3072K)
 Metaspace       used 35184K, committed 35712K, reserved 1114112K
  class space    used 4594K, committed 4800K, reserved 1048576K
}
Event: 2.797 GC heap after
{Heap after GC invocations=7 (full 0):
 garbage-first heap   total reserved 2027520K, committed 51200K, used 19913K [0x0000000084400000, 0x0000000100000000)
  region size 1024K, 2 young (2048K), 2 survivors (2048K)
 Metaspace       used 35184K, committed 35712K, reserved 1114112K
  class space    used 4594K, committed 4800K, reserved 1048576K
}
Event: 2.809 GC heap before
{Heap before GC invocations=7 (full 0):
 garbage-first heap   total reserved 2027520K, committed 51200K, used 19913K [0x0000000084400000, 0x0000000100000000)
  region size 1024K, 3 young (3072K), 2 survivors (2048K)
 Metaspace       used 35404K, committed 35968K, reserved 1114112K
  class space    used 4612K, committed 4864K, reserved 1048576K
}
Event: 2.810 GC heap after
{Heap after GC invocations=8 (full 0):
 garbage-first heap   total reserved 2027520K, committed 51200K, used 19814K [0x0000000084400000, 0x0000000100000000)
  region size 1024K, 2 young (2048K), 2 survivors (2048K)
 Metaspace       used 35404K, committed 35968K, reserved 1114112K
  class space    used 4612K, committed 4864K, reserved 1048576K
}
Event: 3.226 GC heap before
{Heap before GC invocations=9 (full 0):
 garbage-first heap   total reserved 2027520K, committed 51200K, used 43366K [0x0000000084400000, 0x0000000100000000)
  region size 1024K, 25 young (25600K), 2 survivors (2048K)
 Metaspace       used 42081K, committed 42624K, reserved 1114112K
  class space    used 5597K, committed 5824K, reserved 1048576K
}
Event: 3.229 GC heap after
{Heap after GC invocations=10 (full 0):
 garbage-first heap   total reserved 2027520K, committed 61440K, used 21943K [0x0000000084400000, 0x0000000100000000)
  region size 1024K, 4 young (4096K), 4 survivors (4096K)
 Metaspace       used 42081K, committed 42624K, reserved 1114112K
  class space    used 5597K, committed 5824K, reserved 1048576K
}
Event: 3.751 GC heap before
{Heap before GC invocations=10 (full 0):
 garbage-first heap   total reserved 2027520K, committed 61440K, used 50615K [0x0000000084400000, 0x0000000100000000)
  region size 1024K, 33 young (33792K), 4 survivors (4096K)
 Metaspace       used 51100K, committed 51648K, reserved 1114112K
  class space    used 6956K, committed 7232K, reserved 1048576K
}
Event: 3.755 GC heap after
{Heap after GC invocations=11 (full 0):
 garbage-first heap   total reserved 2027520K, committed 61440K, used 23590K [0x0000000084400000, 0x0000000100000000)
  region size 1024K, 5 young (5120K), 5 survivors (5120K)
 Metaspace       used 51100K, committed 51648K, reserved 1114112K
  class space    used 6956K, committed 7232K, reserved 1048576K
}
Event: 4.284 GC heap before
{Heap before GC invocations=11 (full 0):
 garbage-first heap   total reserved 2027520K, committed 61440K, used 52262K [0x0000000084400000, 0x0000000100000000)
  region size 1024K, 33 young (33792K), 5 survivors (5120K)
 Metaspace       used 57732K, committed 58368K, reserved 1114112K
  class space    used 7918K, committed 8192K, reserved 1048576K
}
Event: 4.290 GC heap after
{Heap after GC invocations=12 (full 0):
 garbage-first heap   total reserved 2027520K, committed 61440K, used 26386K [0x0000000084400000, 0x0000000100000000)
  region size 1024K, 5 young (5120K), 5 survivors (5120K)
 Metaspace       used 57732K, committed 58368K, reserved 1114112K
  class space    used 7918K, committed 8192K, reserved 1048576K
}
Event: 4.458 GC heap before
{Heap before GC invocations=12 (full 0):
 garbage-first heap   total reserved 2027520K, committed 61440K, used 37650K [0x0000000084400000, 0x0000000100000000)
  region size 1024K, 17 young (17408K), 5 survivors (5120K)
 Metaspace       used 59489K, committed 60096K, reserved 1114112K
  class space    used 8174K, committed 8448K, reserved 1048576K
}
Event: 4.462 GC heap after
{Heap after GC invocations=13 (full 0):
 garbage-first heap   total reserved 2027520K, committed 61440K, used 27733K [0x0000000084400000, 0x0000000100000000)
  region size 1024K, 2 young (2048K), 2 survivors (2048K)
 Metaspace       used 59489K, committed 60096K, reserved 1114112K
  class space    used 8174K, committed 8448K, reserved 1048576K
}

